<?xml version="1.0" encoding="UTF-8"?>
<testng-results skipped="0" failed="0" ignored="0" total="2" passed="2">
  <reporter-output>
  </reporter-output>
  <suite name="CloudSuite" duration-ms="77368" started-at="2019-12-01T23:39:52 IST" finished-at="2019-12-01T23:41:10 IST">
    <groups>
    </groups>
    <test name="Test" duration-ms="77368" started-at="2019-12-01T23:39:52 IST" finished-at="2019-12-01T23:41:10 IST">
      <class name="testScripts.Customer">
        <test-method status="PASS" signature="setup()[pri:0, instance:testScripts.Customer@e874448]" name="setup" is-config="true" duration-ms="11543" started-at="2019-12-01T23:39:52 IST" finished-at="2019-12-01T23:40:04 IST">
          <reporter-output>
          </reporter-output>
        </test-method> <!-- setup -->
        <test-method status="PASS" signature="customerModuleDisplayed()[pri:1, instance:testScripts.Customer@e874448]" name="customerModuleDisplayed" duration-ms="59242" started-at="2019-12-01T23:40:04 IST" finished-at="2019-12-01T23:41:03 IST">
          <reporter-output>
          </reporter-output>
        </test-method> <!-- customerModuleDisplayed -->
        <test-method status="PASS" signature="customerButton()[pri:2, instance:testScripts.Customer@e874448]" name="customerButton" duration-ms="5671" started-at="2019-12-01T23:41:03 IST" finished-at="2019-12-01T23:41:09 IST">
          <reporter-output>
          </reporter-output>
        </test-method> <!-- customerButton -->
        <test-method status="PASS" signature="teardown()[pri:0, instance:testScripts.Customer@e874448]" name="teardown" is-config="true" duration-ms="874" started-at="2019-12-01T23:41:09 IST" finished-at="2019-12-01T23:41:10 IST">
          <reporter-output>
          </reporter-output>
        </test-method> <!-- teardown -->
      </class> <!-- testScripts.Customer -->
    </test> <!-- Test -->
  </suite> <!-- CloudSuite -->
</testng-results>
